<?xml version="1.0" encoding="UTF-8"?>
<!-- Generated by org.testng.reporters.JUnitReportReporter -->
<testsuite hostname="8b44c5e62d07" name="restAssured.Oauth" tests="1" failures="0" timestamp="15 May 2022 09:12:49 GMT" time="1.723" errors="0">
  <testcase name="test" time="1.723" classname="restAssured.Oauth"/>
</testsuite> <!-- restAssured.Oauth -->
