<?xml version="1.0" encoding="UTF-8"?>
<!-- Generated by org.testng.reporters.JUnitReportReporter -->
<testsuite hostname="Suhails-MacDoo.local" failures="0" tests="1" name="restAssured.Oauth" time="4.191" errors="0" timestamp="2022-05-15T14:45:28 IST" skipped="0">
  <testcase classname="restAssured.Oauth" name="test" time="4.191"/>
  <system-out/>
</testsuite> <!-- restAssured.Oauth -->
