<?xml version="1.0" encoding="UTF-8"?>
<!-- Generated by org.testng.reporters.JUnitReportReporter -->
<testsuite hostname="Suhails-MacDoo.local" failures="0" tests="1" name="restAssured.Oauth" time="3.512" errors="0" timestamp="14 May 2022 11:28:16 GMT">
  <testcase classname="restAssured.Oauth" name="test" time="3.512"/>
</testsuite> <!-- restAssured.Oauth -->
